<?xml version="1.0" encoding="UTF-8"?>
<!-- Generated by org.testng.reporters.JUnitXMLReporter -->
<testsuite ignored="0" hostname="HYUN025" failures="0" tests="4" name="EncounterTickets test" time="167.134" errors="0" timestamp="2022-06-13T13:14:34 BST">
  <testcase classname="com.todayTix.applicationTest.BookEncoreTicketsTest" name="getAvailableSeatApi" time="5.189"/>
  <testcase classname="com.todayTix.applicationTest.BookEncoreTicketsTest" name="bookEncounterTicketsTest" time="79.148"/>
  <testcase classname="com.todayTix.applicationTest.BookingEncoreRestrictedTicketTest" name="getAvailableSeatApi" time="3.267"/>
  <testcase classname="com.todayTix.applicationTest.BookingEncoreRestrictedTicketTest" name="bookRestrictedViewEncounterTicketsTest" time="74.404"/>
</testsuite> <!-- EncounterTickets test -->
