<?xml version="1.0" encoding="UTF-8"?>
<testng-results ignored="0" total="4" passed="3" failed="1" skipped="0">
  <reporter-output>
  </reporter-output>
  <suite started-at="2022-06-13T14:02:57 BST" name="EncounterTicketsAutomation suite" finished-at="2022-06-13T14:05:46 BST" duration-ms="169157">
    <groups>
    </groups>
    <test started-at="2022-06-13T14:02:57 BST" name="EncounterTickets test" finished-at="2022-06-13T14:05:46 BST" duration-ms="169157">
      <class name="com.todayTix.applicationTest.BookingEncoreRestrictedTicketTest">
        <test-method is-config="true" signature="loadTestData()[pri:0, instance:com.todayTix.applicationTest.BookingEncoreRestrictedTicketTest@3e521715]" started-at="2022-06-13T14:04:28 BST" name="loadTestData" finished-at="2022-06-13T14:04:28 BST" duration-ms="1" status="PASS">
          <reporter-output>
          </reporter-output>
        </test-method> <!-- loadTestData -->
        <test-method is-config="true" signature="setUp(java.lang.reflect.Method)[pri:0, instance:com.todayTix.applicationTest.BookingEncoreRestrictedTicketTest@3e521715]" started-at="2022-06-13T14:04:28 BST" name="setUp" finished-at="2022-06-13T14:04:31 BST" duration-ms="2212" status="PASS">
          <params>
            <param index="0">
              <value>
                <![CDATA[public void com.todayTix.applicationTest.BookingEncoreRestrictedTicketTest.getAvailableSeatApi()]]>
              </value>
            </param>
          </params>
          <reporter-output>
          </reporter-output>
        </test-method> <!-- setUp -->
        <test-method signature="getAvailableSeatApi()[pri:0, instance:com.todayTix.applicationTest.BookingEncoreRestrictedTicketTest@3e521715]" started-at="2022-06-13T14:04:31 BST" name="getAvailableSeatApi" finished-at="2022-06-13T14:04:34 BST" duration-ms="3254" status="PASS">
          <reporter-output>
          </reporter-output>
        </test-method> <!-- getAvailableSeatApi -->
        <test-method is-config="true" signature="setUp(java.lang.reflect.Method)[pri:0, instance:com.todayTix.applicationTest.BookingEncoreRestrictedTicketTest@3e521715]" started-at="2022-06-13T14:04:34 BST" name="setUp" finished-at="2022-06-13T14:04:34 BST" duration-ms="0" status="PASS">
          <params>
            <param index="0">
              <value>
                <![CDATA[public void com.todayTix.applicationTest.BookingEncoreRestrictedTicketTest.bookRestrictedViewEncounterTicketsTest() throws java.lang.InterruptedException,java.net.MalformedURLException]]>
              </value>
            </param>
          </params>
          <reporter-output>
          </reporter-output>
        </test-method> <!-- setUp -->
        <test-method signature="bookRestrictedViewEncounterTicketsTest()[pri:0, instance:com.todayTix.applicationTest.BookingEncoreRestrictedTicketTest@3e521715]" started-at="2022-06-13T14:04:34 BST" name="bookRestrictedViewEncounterTicketsTest" finished-at="2022-06-13T14:05:46 BST" depends-on-methods="com.todayTix.applicationTest.BookingEncoreRestrictedTicketTest.getAvailableSeatApi" duration-ms="71891" status="FAIL">
          <exception class="org.openqa.selenium.ElementClickInterceptedException">
            <message>
              <![CDATA[element click intercepted: Element <span class="seat-info__link-text">...</span> is not clickable at point (914, 159). Other element would receive the click: <div class="encore-spinner  encore-spinner--with-overlay">...</div>
  (Session info: chrome=102.0.5005.63)
Build info: version: '3.141.59', revision: 'e82be7d358', time: '2018-11-14T08:17:03'
System info: host: 'HYUN025', ip: '192.168.0.8', os.name: 'Windows 10', os.arch: 'amd64', os.version: '10.0', java.version: '17.0.1'
Driver info: org.openqa.selenium.chrome.ChromeDriver
Capabilities {acceptInsecureCerts: false, browserName: chrome, browserVersion: 102.0.5005.63, chrome: {chromedriverVersion: 102.0.5005.61 (0e59bcc00cc4..., userDataDir: C:\Users\VENKAT~1.KV\AppDat...}, goog:chromeOptions: {debuggerAddress: localhost:59698}, javascriptEnabled: true, networkConnectionEnabled: false, pageLoadStrategy: normal, platform: WINDOWS, platformName: WINDOWS, proxy: Proxy(), setWindowRect: true, strictFileInteractability: false, timeouts: {implicit: 0, pageLoad: 300000, script: 30000}, unhandledPromptBehavior: dismiss and notify, webauthn:extension:credBlob: true, webauthn:extension:largeBlob: true, webauthn:virtualAuthenticators: true}
Session ID: 3d9c0990b33c5a251435c14115d6636b]]>
            </message>
            <full-stacktrace>
              <![CDATA[org.openqa.selenium.ElementClickInterceptedException: element click intercepted: Element <span class="seat-info__link-text">...</span> is not clickable at point (914, 159). Other element would receive the click: <div class="encore-spinner  encore-spinner--with-overlay">...</div>
  (Session info: chrome=102.0.5005.63)
Build info: version: '3.141.59', revision: 'e82be7d358', time: '2018-11-14T08:17:03'
System info: host: 'HYUN025', ip: '192.168.0.8', os.name: 'Windows 10', os.arch: 'amd64', os.version: '10.0', java.version: '17.0.1'
Driver info: org.openqa.selenium.chrome.ChromeDriver
Capabilities {acceptInsecureCerts: false, browserName: chrome, browserVersion: 102.0.5005.63, chrome: {chromedriverVersion: 102.0.5005.61 (0e59bcc00cc4..., userDataDir: C:\Users\VENKAT~1.KV\AppDat...}, goog:chromeOptions: {debuggerAddress: localhost:59698}, javascriptEnabled: true, networkConnectionEnabled: false, pageLoadStrategy: normal, platform: WINDOWS, platformName: WINDOWS, proxy: Proxy(), setWindowRect: true, strictFileInteractability: false, timeouts: {implicit: 0, pageLoad: 300000, script: 30000}, unhandledPromptBehavior: dismiss and notify, webauthn:extension:credBlob: true, webauthn:extension:largeBlob: true, webauthn:virtualAuthenticators: true}
Session ID: 3d9c0990b33c5a251435c14115d6636b
at java.base/jdk.internal.reflect.NativeConstructorAccessorImpl.newInstance0(Native Method)
at java.base/jdk.internal.reflect.NativeConstructorAccessorImpl.newInstance(NativeConstructorAccessorImpl.java:77)
at java.base/jdk.internal.reflect.DelegatingConstructorAccessorImpl.newInstance(DelegatingConstructorAccessorImpl.java:45)
at java.base/java.lang.reflect.Constructor.newInstanceWithCaller(Constructor.java:499)
at java.base/java.lang.reflect.Constructor.newInstance(Constructor.java:480)
at org.openqa.selenium.remote.http.W3CHttpResponseCodec.createException(W3CHttpResponseCodec.java:187)
at org.openqa.selenium.remote.http.W3CHttpResponseCodec.decode(W3CHttpResponseCodec.java:122)
at org.openqa.selenium.remote.http.W3CHttpResponseCodec.decode(W3CHttpResponseCodec.java:49)
at org.openqa.selenium.remote.HttpCommandExecutor.execute(HttpCommandExecutor.java:158)
at org.openqa.selenium.remote.service.DriverCommandExecutor.execute(DriverCommandExecutor.java:83)
at org.openqa.selenium.remote.RemoteWebDriver.execute(RemoteWebDriver.java:552)
at org.openqa.selenium.remote.RemoteWebElement.execute(RemoteWebElement.java:285)
at org.openqa.selenium.remote.RemoteWebElement.click(RemoteWebElement.java:84)
at com.todayTix.basePage.Page.clickontheElement(Page.java:37)
at com.todayTix.pages.BasketPage.getImportantSeatInfo(BasketPage.java:23)
at com.todayTix.applicationTest.BookingEncoreRestrictedTicketTest.bookRestrictedViewEncounterTicketsTest(BookingEncoreRestrictedTicketTest.java:61)
at java.base/jdk.internal.reflect.NativeMethodAccessorImpl.invoke0(Native Method)
at java.base/jdk.internal.reflect.NativeMethodAccessorImpl.invoke(NativeMethodAccessorImpl.java:77)
at java.base/jdk.internal.reflect.DelegatingMethodAccessorImpl.invoke(DelegatingMethodAccessorImpl.java:43)
at java.base/java.lang.reflect.Method.invoke(Method.java:568)
at org.testng.internal.MethodInvocationHelper.invokeMethod(MethodInvocationHelper.java:133)
at org.testng.internal.TestInvoker.invokeMethod(TestInvoker.java:598)
at org.testng.internal.TestInvoker.invokeTestMethod(TestInvoker.java:173)
at org.testng.internal.MethodRunner.runInSequence(MethodRunner.java:46)
at org.testng.internal.TestInvoker$MethodInvocationAgent.invoke(TestInvoker.java:824)
at org.testng.internal.TestInvoker.invokeTestMethods(TestInvoker.java:146)
at org.testng.internal.TestMethodWorker.invokeTestMethods(TestMethodWorker.java:146)
at org.testng.internal.TestMethodWorker.run(TestMethodWorker.java:128)
at java.base/java.util.ArrayList.forEach(ArrayList.java:1511)
at org.testng.TestRunner.privateRun(TestRunner.java:794)
at org.testng.TestRunner.run(TestRunner.java:596)
at org.testng.SuiteRunner.runTest(SuiteRunner.java:377)
at org.testng.SuiteRunner.runSequentially(SuiteRunner.java:371)
at org.testng.SuiteRunner.privateRun(SuiteRunner.java:332)
at org.testng.SuiteRunner.run(SuiteRunner.java:276)
at org.testng.SuiteRunnerWorker.runSuite(SuiteRunnerWorker.java:53)
at org.testng.SuiteRunnerWorker.run(SuiteRunnerWorker.java:96)
at org.testng.TestNG.runSuitesSequentially(TestNG.java:1212)
at org.testng.TestNG.runSuitesLocally(TestNG.java:1134)
at org.testng.TestNG.runSuites(TestNG.java:1063)
at org.testng.TestNG.run(TestNG.java:1031)
at org.apache.maven.surefire.testng.TestNGExecutor.run(TestNGExecutor.java:283)
at org.apache.maven.surefire.testng.TestNGXmlTestSuite.execute(TestNGXmlTestSuite.java:75)
at org.apache.maven.surefire.testng.TestNGProvider.invoke(TestNGProvider.java:120)
at org.apache.maven.surefire.booter.ForkedBooter.invokeProviderInSameClassLoader(ForkedBooter.java:384)
at org.apache.maven.surefire.booter.ForkedBooter.runSuitesInProcess(ForkedBooter.java:345)
at org.apache.maven.surefire.booter.ForkedBooter.execute(ForkedBooter.java:126)
at org.apache.maven.surefire.booter.ForkedBooter.main(ForkedBooter.java:418)
]]>
            </full-stacktrace>
          </exception> <!-- org.openqa.selenium.ElementClickInterceptedException -->
          <reporter-output>
          </reporter-output>
        </test-method> <!-- bookRestrictedViewEncounterTicketsTest -->
      </class> <!-- com.todayTix.applicationTest.BookingEncoreRestrictedTicketTest -->
      <class name="com.todayTix.applicationTest.BookEncoreTicketsTest">
        <test-method is-config="true" signature="loadTestData()[pri:0, instance:com.todayTix.applicationTest.BookEncoreTicketsTest@502f8b57]" started-at="2022-06-13T14:02:57 BST" name="loadTestData" finished-at="2022-06-13T14:02:57 BST" duration-ms="31" status="PASS">
          <reporter-output>
          </reporter-output>
        </test-method> <!-- loadTestData -->
        <test-method is-config="true" signature="setUp(java.lang.reflect.Method)[pri:0, instance:com.todayTix.applicationTest.BookEncoreTicketsTest@502f8b57]" started-at="2022-06-13T14:02:57 BST" name="setUp" finished-at="2022-06-13T14:03:00 BST" duration-ms="3311" status="PASS">
          <params>
            <param index="0">
              <value>
                <![CDATA[public void com.todayTix.applicationTest.BookEncoreTicketsTest.getAvailableSeatApi()]]>
              </value>
            </param>
          </params>
          <reporter-output>
          </reporter-output>
        </test-method> <!-- setUp -->
        <test-method signature="getAvailableSeatApi()[pri:0, instance:com.todayTix.applicationTest.BookEncoreTicketsTest@502f8b57]" started-at="2022-06-13T14:03:00 BST" name="getAvailableSeatApi" finished-at="2022-06-13T14:03:07 BST" duration-ms="7116" status="PASS">
          <reporter-output>
          </reporter-output>
        </test-method> <!-- getAvailableSeatApi -->
        <test-method is-config="true" signature="setUp(java.lang.reflect.Method)[pri:0, instance:com.todayTix.applicationTest.BookEncoreTicketsTest@502f8b57]" started-at="2022-06-13T14:03:07 BST" name="setUp" finished-at="2022-06-13T14:03:07 BST" duration-ms="0" status="PASS">
          <params>
            <param index="0">
              <value>
                <![CDATA[public void com.todayTix.applicationTest.BookEncoreTicketsTest.bookEncounterTicketsTest() throws java.lang.InterruptedException]]>
              </value>
            </param>
          </params>
          <reporter-output>
          </reporter-output>
        </test-method> <!-- setUp -->
        <test-method signature="bookEncounterTicketsTest()[pri:0, instance:com.todayTix.applicationTest.BookEncoreTicketsTest@502f8b57]" started-at="2022-06-13T14:03:07 BST" name="bookEncounterTicketsTest" finished-at="2022-06-13T14:04:28 BST" depends-on-methods="com.todayTix.applicationTest.BookEncoreTicketsTest.getAvailableSeatApi" duration-ms="81142" status="PASS">
          <reporter-output>
          </reporter-output>
        </test-method> <!-- bookEncounterTicketsTest -->
      </class> <!-- com.todayTix.applicationTest.BookEncoreTicketsTest -->
    </test> <!-- EncounterTickets test -->
  </suite> <!-- EncounterTicketsAutomation suite -->
</testng-results>
