<?xml version="1.0" encoding="UTF-8"?>
<testsuite xmlns:xsi="http://www.w3.org/2001/XMLSchema-instance" xsi:noNamespaceSchemaLocation="https://maven.apache.org/surefire/maven-surefire-plugin/xsd/surefire-test-report.xsd" name="TestSuite" time="168.086" tests="4" errors="0" skipped="0" failures="0">
  <properties>
[...]
</properties>
  <testcase name="getAvailableSeatApi" classname="com.todayTix.applicationTest.BookEncoreTicketsTest" time="5.191"/>
  <testcase name="bookEncounterTicketsTest" classname="com.todayTix.applicationTest.BookEncoreTicketsTest" time="79.148"/>
  <testcase name="getAvailableSeatApi" classname="com.todayTix.applicationTest.BookingEncoreRestrictedTicketTest" time="3.267"/>
  <testcase name="bookRestrictedViewEncounterTicketsTest" classname="com.todayTix.applicationTest.BookingEncoreRestrictedTicketTest" time="74.404"/>
</testsuite>