<?xml version="1.0" encoding="UTF-8"?>
<testng-results ignored="0" total="4" passed="4" failed="0" skipped="0">
  <reporter-output>
  </reporter-output>
  <suite started-at="2022-06-13T13:11:47 BST" name="EncounterTicketsAutomation suite" finished-at="2022-06-13T13:14:34 BST" duration-ms="167134">
    <groups>
    </groups>
    <test started-at="2022-06-13T13:11:47 BST" name="EncounterTickets test" finished-at="2022-06-13T13:14:34 BST" duration-ms="167134">
      <class name="com.todayTix.applicationTest.BookingEncoreRestrictedTicketTest">
        <test-method is-config="true" signature="loadTestData()[pri:0, instance:com.todayTix.applicationTest.BookingEncoreRestrictedTicketTest@7b22ec89]" started-at="2022-06-13T13:13:14 BST" name="loadTestData" finished-at="2022-06-13T13:13:14 BST" duration-ms="1" status="PASS">
          <reporter-output>
          </reporter-output>
        </test-method> <!-- loadTestData -->
        <test-method is-config="true" signature="setUp(java.lang.reflect.Method)[pri:0, instance:com.todayTix.applicationTest.BookingEncoreRestrictedTicketTest@7b22ec89]" started-at="2022-06-13T13:13:14 BST" name="setUp" finished-at="2022-06-13T13:13:16 BST" duration-ms="2103" status="PASS">
          <params>
            <param index="0">
              <value>
                <![CDATA[public void com.todayTix.applicationTest.BookingEncoreRestrictedTicketTest.getAvailableSeatApi()]]>
              </value>
            </param>
          </params>
          <reporter-output>
          </reporter-output>
        </test-method> <!-- setUp -->
        <test-method signature="getAvailableSeatApi()[pri:0, instance:com.todayTix.applicationTest.BookingEncoreRestrictedTicketTest@7b22ec89]" started-at="2022-06-13T13:13:16 BST" name="getAvailableSeatApi" finished-at="2022-06-13T13:13:19 BST" duration-ms="3267" status="PASS">
          <reporter-output>
          </reporter-output>
        </test-method> <!-- getAvailableSeatApi -->
        <test-method is-config="true" signature="setUp(java.lang.reflect.Method)[pri:0, instance:com.todayTix.applicationTest.BookingEncoreRestrictedTicketTest@7b22ec89]" started-at="2022-06-13T13:13:19 BST" name="setUp" finished-at="2022-06-13T13:13:19 BST" duration-ms="0" status="PASS">
          <params>
            <param index="0">
              <value>
                <![CDATA[public void com.todayTix.applicationTest.BookingEncoreRestrictedTicketTest.bookRestrictedViewEncounterTicketsTest() throws java.lang.InterruptedException,java.net.MalformedURLException]]>
              </value>
            </param>
          </params>
          <reporter-output>
          </reporter-output>
        </test-method> <!-- setUp -->
        <test-method signature="bookRestrictedViewEncounterTicketsTest()[pri:0, instance:com.todayTix.applicationTest.BookingEncoreRestrictedTicketTest@7b22ec89]" started-at="2022-06-13T13:13:19 BST" name="bookRestrictedViewEncounterTicketsTest" finished-at="2022-06-13T13:14:34 BST" depends-on-methods="com.todayTix.applicationTest.BookingEncoreRestrictedTicketTest.getAvailableSeatApi" duration-ms="74404" status="PASS">
          <reporter-output>
          </reporter-output>
        </test-method> <!-- bookRestrictedViewEncounterTicketsTest -->
      </class> <!-- com.todayTix.applicationTest.BookingEncoreRestrictedTicketTest -->
      <class name="com.todayTix.applicationTest.BookEncoreTicketsTest">
        <test-method is-config="true" signature="loadTestData()[pri:0, instance:com.todayTix.applicationTest.BookEncoreTicketsTest@1144a55a]" started-at="2022-06-13T13:11:47 BST" name="loadTestData" finished-at="2022-06-13T13:11:47 BST" duration-ms="16" status="PASS">
          <reporter-output>
          </reporter-output>
        </test-method> <!-- loadTestData -->
        <test-method is-config="true" signature="setUp(java.lang.reflect.Method)[pri:0, instance:com.todayTix.applicationTest.BookEncoreTicketsTest@1144a55a]" started-at="2022-06-13T13:11:47 BST" name="setUp" finished-at="2022-06-13T13:11:49 BST" duration-ms="2788" status="PASS">
          <params>
            <param index="0">
              <value>
                <![CDATA[public void com.todayTix.applicationTest.BookEncoreTicketsTest.getAvailableSeatApi()]]>
              </value>
            </param>
          </params>
          <reporter-output>
          </reporter-output>
        </test-method> <!-- setUp -->
        <test-method signature="getAvailableSeatApi()[pri:0, instance:com.todayTix.applicationTest.BookEncoreTicketsTest@1144a55a]" started-at="2022-06-13T13:11:50 BST" name="getAvailableSeatApi" finished-at="2022-06-13T13:11:55 BST" duration-ms="5189" status="PASS">
          <reporter-output>
          </reporter-output>
        </test-method> <!-- getAvailableSeatApi -->
        <test-method is-config="true" signature="setUp(java.lang.reflect.Method)[pri:0, instance:com.todayTix.applicationTest.BookEncoreTicketsTest@1144a55a]" started-at="2022-06-13T13:11:55 BST" name="setUp" finished-at="2022-06-13T13:11:55 BST" duration-ms="0" status="PASS">
          <params>
            <param index="0">
              <value>
                <![CDATA[public void com.todayTix.applicationTest.BookEncoreTicketsTest.bookEncounterTicketsTest() throws java.lang.InterruptedException]]>
              </value>
            </param>
          </params>
          <reporter-output>
          </reporter-output>
        </test-method> <!-- setUp -->
        <test-method signature="bookEncounterTicketsTest()[pri:0, instance:com.todayTix.applicationTest.BookEncoreTicketsTest@1144a55a]" started-at="2022-06-13T13:11:55 BST" name="bookEncounterTicketsTest" finished-at="2022-06-13T13:13:14 BST" depends-on-methods="com.todayTix.applicationTest.BookEncoreTicketsTest.getAvailableSeatApi" duration-ms="79148" status="PASS">
          <reporter-output>
          </reporter-output>
        </test-method> <!-- bookEncounterTicketsTest -->
      </class> <!-- com.todayTix.applicationTest.BookEncoreTicketsTest -->
    </test> <!-- EncounterTickets test -->
  </suite> <!-- EncounterTicketsAutomation suite -->
</testng-results>
